d:\새 폴더\게임그래픽프로그래밍\4장 소스\03. texture\release\vc141.pdb
d:\새 폴더\게임그래픽프로그래밍\4장 소스\03. texture\release\sphere.obj
d:\새 폴더\게임그래픽프로그래밍\4장 소스\03. texture\release\openglslhelper.obj
d:\새 폴더\게임그래픽프로그래밍\4장 소스\03. texture\release\main.obj
d:\새 폴더\게임그래픽프로그래밍\4장 소스\03. texture\release\lodepng.obj
d:\새 폴더\게임그래픽프로그래밍\4장 소스\03. texture\release\loadobj.obj
d:\새 폴더\게임그래픽프로그래밍\4장 소스\03. texture\release\linkedlist.obj
d:\새 폴더\게임그래픽프로그래밍\4장 소스\03. texture\release\hud.obj
d:\새 폴더\게임그래픽프로그래밍\4장 소스\03. texture\release\gamestatic.obj
d:\새 폴더\게임그래픽프로그래밍\4장 소스\03. texture\release\game.obj
d:\새 폴더\게임그래픽프로그래밍\4장 소스\03. texture\release\bmp.obj
d:\새 폴더\게임그래픽프로그래밍\포트폴리오\갸아악\release\vc141.pdb
d:\새 폴더\게임그래픽프로그래밍\포트폴리오\갸아악\release\sphere.obj
d:\새 폴더\게임그래픽프로그래밍\포트폴리오\갸아악\release\openglslhelper.obj
d:\새 폴더\게임그래픽프로그래밍\포트폴리오\갸아악\release\main.obj
d:\새 폴더\게임그래픽프로그래밍\포트폴리오\갸아악\release\lodepng.obj
d:\새 폴더\게임그래픽프로그래밍\포트폴리오\갸아악\release\loadobj.obj
d:\새 폴더\게임그래픽프로그래밍\포트폴리오\갸아악\release\linkedlist.obj
d:\새 폴더\게임그래픽프로그래밍\포트폴리오\갸아악\release\hud.obj
d:\새 폴더\게임그래픽프로그래밍\포트폴리오\갸아악\release\gamestatic.obj
d:\새 폴더\게임그래픽프로그래밍\포트폴리오\갸아악\release\game.obj
d:\새 폴더\게임그래픽프로그래밍\포트폴리오\갸아악\release\bmp.obj
d:\새 폴더\게임그래픽프로그래밍\4장 소스\03. texture\release\opengl_glut_class.exe
d:\새 폴더\게임그래픽프로그래밍\4장 소스\03. texture\release\opengl_glut_class.pdb
d:\새 폴더\게임그래픽프로그래밍\포트폴리오\갸아악\release\opengl_glut_class.exe
d:\새 폴더\게임그래픽프로그래밍\포트폴리오\갸아악\release\opengl_glut_class.pdb
d:\새 폴더\게임그래픽프로그래밍\4장 소스\03. texture\release\opengl_glut_class.ipdb
d:\새 폴더\게임그래픽프로그래밍\4장 소스\03. texture\release\opengl_glut_class.iobj
d:\새 폴더\게임그래픽프로그래밍\포트폴리오\갸아악\release\opengl_glut_class.ipdb
d:\새 폴더\게임그래픽프로그래밍\포트폴리오\갸아악\release\opengl_glut_class.iobj
d:\새 폴더\게임그래픽프로그래밍\포트폴리오\갸아악\release\opengl_g.20db4be9.tlog\cl.command.1.tlog
d:\새 폴더\게임그래픽프로그래밍\포트폴리오\갸아악\release\opengl_g.20db4be9.tlog\cl.read.1.tlog
d:\새 폴더\게임그래픽프로그래밍\포트폴리오\갸아악\release\opengl_g.20db4be9.tlog\cl.write.1.tlog
d:\새 폴더\게임그래픽프로그래밍\포트폴리오\갸아악\release\opengl_g.20db4be9.tlog\link.command.1.tlog
d:\새 폴더\게임그래픽프로그래밍\포트폴리오\갸아악\release\opengl_g.20db4be9.tlog\link.read.1.tlog
d:\새 폴더\게임그래픽프로그래밍\포트폴리오\갸아악\release\opengl_g.20db4be9.tlog\link.write.1.tlog
d:\새 폴더\게임그래픽프로그래밍\포트폴리오\갸아악\release\opengl_g.20db4be9.tlog\opengl_glut_class.write.1u.tlog
